#
# There is insufficient memory for the Java Runtime Environment to continue.
# Native memory allocation (malloc) failed to allocate 32744 bytes for ChunkPool::allocate
# Possible reasons:
#   The system is out of physical RAM or swap space
#   In 32 bit mode, the process size limit was hit
# Possible solutions:
#   Reduce memory load on the system
#   Increase physical memory or swap space
#   Check if swap backing store is full
#   Use 64 bit Java on a 64 bit OS
#   Decrease Java heap size (-Xmx/-Xms)
#   Decrease number of Java threads
#   Decrease Java thread stack sizes (-Xss)
#   Set larger code cache with -XX:ReservedCodeCacheSize=
# This output file may be truncated or incomplete.
#
#  Out of Memory Error (allocation.cpp:273), pid=24488, tid=0x00000000000037e4
#
# JRE version: OpenJDK Runtime Environment (8.0_152-b01) (build 1.8.0_152-release-915-b01)
# Java VM: OpenJDK 64-Bit Server VM (25.152-b01 mixed mode windows-amd64 compressed oops)
# Failed to write core dump. Minidumps are not enabled by default on client versions of Windows
#

---------------  T H R E A D  ---------------

Current thread (0x0000000016ec9000):  JavaThread "C2 CompilerThread0" daemon [_thread_in_native, id=14308, stack(0x0000000019480000,0x0000000019580000)]

Stack: [0x0000000019480000,0x0000000019580000]
[error occurred during error reporting (printing stack bounds), id 0xc0000005]

Native frames: (J=compiled Java code, j=interpreted, Vv=VM code, C=native code)


Current CompileTask:
C2:  20605 3904   !   4       java.net.URLClassLoader$1::run (63 bytes)


---------------  P R O C E S S  ---------------

Java Threads: ( => current thread )
  0x000000001f435800 JavaThread "Memory manager" [_thread_blocked, id=26892, stack(0x00000000221f0000,0x00000000222f0000)]
  0x000000001f438800 JavaThread "pool-1-thread-1" [_thread_blocked, id=7308, stack(0x00000000220f0000,0x00000000221f0000)]
  0x000000001f437800 JavaThread "build operations Thread 8" [_thread_blocked, id=6428, stack(0x0000000021bf0000,0x0000000021cf0000)]
  0x000000001f437000 JavaThread "build operations Thread 7" [_thread_blocked, id=16372, stack(0x0000000021af0000,0x0000000021bf0000)]
  0x000000001f434000 JavaThread "build operations Thread 6" [_thread_blocked, id=26676, stack(0x00000000219f0000,0x0000000021af0000)]
  0x000000001d46e000 JavaThread "build operations Thread 5" [_thread_blocked, id=27156, stack(0x00000000218f0000,0x00000000219f0000)]
  0x000000001d46e800 JavaThread "build operations Thread 4" [_thread_blocked, id=26420, stack(0x00000000217f0000,0x00000000218f0000)]
  0x000000001d46b800 JavaThread "build operations Thread 3" [_thread_blocked, id=23900, stack(0x00000000216f0000,0x00000000217f0000)]
  0x000000001d46c800 JavaThread "build operations Thread 2" [_thread_blocked, id=8768, stack(0x00000000215f0000,0x00000000216f0000)]
  0x000000001d46b000 JavaThread "build operations" [_thread_blocked, id=22300, stack(0x00000000214f0000,0x00000000215f0000)]
  0x000000001d471000 JavaThread "Cache worker for Artifact transforms cache (C:\Users\DELL\.gradle\caches\transforms-1)" [_thread_blocked, id=17956, stack(0x000000001e5f0000,0x000000001e6f0000)]
  0x000000001b153000 JavaThread "Cache worker for file hash cache (E:\zhangqf\VShop\.gradle\4.1\fileHashes)" [_thread_blocked, id=19816, stack(0x000000001d320000,0x000000001d420000)]
  0x000000001b231800 JavaThread "File lock request listener" [_thread_in_native, id=15612, stack(0x000000001d220000,0x000000001d320000)]
  0x0000000019cef000 JavaThread "Cache worker for file hash cache (C:\Users\DELL\.gradle\caches\4.1\fileHashes)" [_thread_blocked, id=26028, stack(0x000000001d120000,0x000000001d220000)]
  0x000000001a0bc000 JavaThread "Stdin handler" [_thread_blocked, id=21740, stack(0x000000001cd20000,0x000000001ce20000)]
  0x000000001ac8e000 JavaThread "Asynchronous log dispatcher for DefaultDaemonConnection: socket connection from /127.0.0.1:59311 to /127.0.0.1:59312" [_thread_blocked, id=10532, stack(0x000000001cc20000,0x000000001cd20000)]
  0x000000001ac8a000 JavaThread "Daemon worker" [_thread_in_Java, id=9184, stack(0x000000001cb20000,0x000000001cc20000)]
  0x000000001a0cb800 JavaThread "Cancel handler" [_thread_blocked, id=19976, stack(0x000000001ca20000,0x000000001cb20000)]
  0x000000001ac96800 JavaThread "Handler for socket connection from /127.0.0.1:59311 to /127.0.0.1:59312" [_thread_in_native, id=24744, stack(0x000000001c720000,0x000000001c820000)]
  0x000000001abe1800 JavaThread "Daemon" [_thread_blocked, id=16352, stack(0x000000001c620000,0x000000001c720000)]
  0x000000001abc4800 JavaThread "Daemon periodic checks" [_thread_blocked, id=18400, stack(0x000000001c520000,0x000000001c620000)]
  0x000000001a870000 JavaThread "Incoming local TCP Connector on port 59311" [_thread_in_native, id=5772, stack(0x000000001c420000,0x000000001c520000)]
  0x0000000018e84000 JavaThread "Service Thread" daemon [_thread_blocked, id=20872, stack(0x0000000019880000,0x0000000019980000)]
  0x0000000018e5f800 JavaThread "C1 CompilerThread3" daemon [_thread_blocked, id=22860, stack(0x0000000019780000,0x0000000019880000)]
  0x0000000018e19800 JavaThread "C2 CompilerThread2" daemon [_thread_in_native, id=21988, stack(0x0000000019680000,0x0000000019780000)]
  0x0000000016ecd000 JavaThread "C2 CompilerThread1" daemon [_thread_in_native, id=18012, stack(0x0000000019580000,0x0000000019680000)]
=>0x0000000016ec9000 JavaThread "C2 CompilerThread0" daemon [_thread_in_native, id=14308, stack(0x0000000019480000,0x0000000019580000)]
  0x0000000018e10800 JavaThread "Attach Listener" daemon [_thread_blocked, id=15772, stack(0x0000000019380000,0x0000000019480000)]
  0x0000000018dc2000 JavaThread "Signal Dispatcher" daemon [_thread_blocked, id=20568, stack(0x0000000019280000,0x0000000019380000)]
  0x0000000018da1800 JavaThread "Finalizer" daemon [_thread_blocked, id=17448, stack(0x0000000019180000,0x0000000019280000)]
  0x0000000016ebb800 JavaThread "Reference Handler" daemon [_thread_blocked, id=11088, stack(0x0000000018c80000,0x0000000018d80000)]
  0x0000000002efe000 JavaThread "main" [_thread_blocked, id=20988, stack(0x0000000002f00000,0x0000000003000000)]

Other Threads:
  0x0000000016eb7800 VMThread [stack: 0x0000000018b80000,0x0000000018c80000] [id=19788]
  0x0000000018e85000 WatcherThread [stack: 0x0000000019980000,0x0000000019a80000] [id=4364]

VM state:not at safepoint (normal execution)

VM Mutex/Monitor currently owned by a thread: None

Heap:
 PSYoungGen      total 73216K, used 22035K [0x00000000e0000000, 0x00000000e6280000, 0x0000000100000000)
  eden space 62976K, 34% used [0x00000000e0000000,0x00000000e1584c30,0x00000000e3d80000)
  from space 10240K, 0% used [0x00000000e3d80000,0x00000000e3d80000,0x00000000e4780000)
  to   space 11264K, 0% used [0x00000000e5780000,0x00000000e5780000,0x00000000e6280000)
 ParOldGen       total 67584K, used 15864K [0x00000000a0000000, 0x00000000a4200000, 0x00000000e0000000)
  object space 67584K, 23% used [0x00000000a0000000,0x00000000a0f7e320,0x00000000a4200000)
 Metaspace       used 37338K, capacity 38162K, committed 38360K, reserved 1083392K
  class space    used 5025K, capacity 5317K, committed 5376K, reserved 1048576K

Card table byte_map: [0x00000000124c0000,0x00000000127d0000] byte_map_base: 0x0000000011fc0000

Marking Bits: (ParMarkBitMap*) 0x0000000056d03950
 Begin Bits: [0x00000000131d0000, 0x00000000149d0000)
 End Bits:   [0x00000000149d0000, 0x00000000161d0000)

Polling page: 0x0000000002a00000

CodeCache: size=245760Kb used=12312Kb max_used=13258Kb free=233447Kb
 bounds [0x0000000003100000, 0x0000000003e10000, 0x0000000012100000]
 total_blobs=4160 nmethods=3449 adapters=624
 compilation: enabled

Compilation events (10 events):
Event: 20.546 Thread 0x0000000018e5f800 3966       3       com.google.common.collect.ImmutableCollection$ArrayBasedBuilder::add (34 bytes)
Event: 20.546 Thread 0x0000000018e5f800 nmethod 3966 0x0000000003a54090 code [0x0000000003a542a0, 0x0000000003a54e28]
Event: 20.547 Thread 0x0000000018e5f800 3967       3       com.google.common.collect.FluentIterable::<init> (10 bytes)
Event: 20.547 Thread 0x0000000018e5f800 nmethod 3967 0x0000000003ae1990 code [0x0000000003ae1ae0, 0x0000000003ae1cb0]
Event: 20.547 Thread 0x0000000018e5f800 3968       3       org.gradle.model.internal.type.ModelType::wrap (219 bytes)
Event: 20.550 Thread 0x0000000018e5f800 nmethod 3968 0x0000000003ac1510 code [0x0000000003ac1960, 0x0000000003ac4388]
Event: 20.581 Thread 0x0000000018e5f800 3969       3       com.google.common.collect.CollectPreconditions::checkNonnegative (37 bytes)
Event: 20.582 Thread 0x0000000018e5f800 nmethod 3969 0x000000000359a850 code [0x000000000359aa40, 0x000000000359b368]
Event: 20.587 Thread 0x0000000018e5f800 3970       1       sun.misc.SharedSecrets::getJavaLangAccess (4 bytes)
Event: 20.587 Thread 0x0000000018e5f800 nmethod 3970 0x000000000359bbd0 code [0x000000000359bd20, 0x000000000359be10]

GC Heap History (10 events):
Event: 13.586 GC heap before
{Heap before GC invocations=7 (full 1):
 PSYoungGen      total 37888K, used 36675K [0x00000000e0000000, 0x00000000e4200000, 0x0000000100000000)
  eden space 32768K, 100% used [0x00000000e0000000,0x00000000e2000000,0x00000000e2000000)
  from space 5120K, 76% used [0x00000000e2000000,0x00000000e23d0fd8,0x00000000e2500000)
  to   space 11264K, 0% used [0x00000000e3700000,0x00000000e3700000,0x00000000e4200000)
 ParOldGen       total 67584K, used 9151K [0x00000000a0000000, 0x00000000a4200000, 0x00000000e0000000)
  object space 67584K, 13% used [0x00000000a0000000,0x00000000a08eff28,0x00000000a4200000)
 Metaspace       used 25776K, capacity 26322K, committed 26496K, reserved 1073152K
  class space    used 3517K, capacity 3686K, committed 3712K, reserved 1048576K
Event: 13.602 GC heap after
Heap after GC invocations=7 (full 1):
 PSYoungGen      total 56832K, used 5383K [0x00000000e0000000, 0x00000000e4200000, 0x0000000100000000)
  eden space 45568K, 0% used [0x00000000e0000000,0x00000000e0000000,0x00000000e2c80000)
  from space 11264K, 47% used [0x00000000e3700000,0x00000000e3c41f20,0x00000000e4200000)
  to   space 10752K, 0% used [0x00000000e2c80000,0x00000000e2c80000,0x00000000e3700000)
 ParOldGen       total 67584K, used 9159K [0x00000000a0000000, 0x00000000a4200000, 0x00000000e0000000)
  object space 67584K, 13% used [0x00000000a0000000,0x00000000a08f1f28,0x00000000a4200000)
 Metaspace       used 25776K, capacity 26322K, committed 26496K, reserved 1073152K
  class space    used 3517K, capacity 3686K, committed 3712K, reserved 1048576K
}
Event: 15.542 GC heap before
{Heap before GC invocations=8 (full 1):
 PSYoungGen      total 56832K, used 50951K [0x00000000e0000000, 0x00000000e4200000, 0x0000000100000000)
  eden space 45568K, 100% used [0x00000000e0000000,0x00000000e2c80000,0x00000000e2c80000)
  from space 11264K, 47% used [0x00000000e3700000,0x00000000e3c41f20,0x00000000e4200000)
  to   space 10752K, 0% used [0x00000000e2c80000,0x00000000e2c80000,0x00000000e3700000)
 ParOldGen       total 67584K, used 9159K [0x00000000a0000000, 0x00000000a4200000, 0x00000000e0000000)
  object space 67584K, 13% used [0x00000000a0000000,0x00000000a08f1f28,0x00000000a4200000)
 Metaspace       used 29918K, capacity 30346K, committed 30720K, reserved 1075200K
  class space    used 4085K, capacity 4238K, committed 4352K, reserved 1048576K
Event: 15.556 GC heap after
Heap after GC invocations=8 (full 1):
 PSYoungGen      total 56320K, used 7638K [0x00000000e0000000, 0x00000000e5380000, 0x0000000100000000)
  eden space 45568K, 0% used [0x00000000e0000000,0x00000000e0000000,0x00000000e2c80000)
  from space 10752K, 71% used [0x00000000e2c80000,0x00000000e33f5ae8,0x00000000e3700000)
  to   space 10752K, 0% used [0x00000000e4900000,0x00000000e4900000,0x00000000e5380000)
 ParOldGen       total 67584K, used 9167K [0x00000000a0000000, 0x00000000a4200000, 0x00000000e0000000)
  object space 67584K, 13% used [0x00000000a0000000,0x00000000a08f3f28,0x00000000a4200000)
 Metaspace       used 29918K, capacity 30346K, committed 30720K, reserved 1075200K
  class space    used 4085K, capacity 4238K, committed 4352K, reserved 1048576K
}
Event: 17.162 GC heap before
{Heap before GC invocations=9 (full 1):
 PSYoungGen      total 56320K, used 53206K [0x00000000e0000000, 0x00000000e5380000, 0x0000000100000000)
  eden space 45568K, 100% used [0x00000000e0000000,0x00000000e2c80000,0x00000000e2c80000)
  from space 10752K, 71% used [0x00000000e2c80000,0x00000000e33f5ae8,0x00000000e3700000)
  to   space 10752K, 0% used [0x00000000e4900000,0x00000000e4900000,0x00000000e5380000)
 ParOldGen       total 67584K, used 9167K [0x00000000a0000000, 0x00000000a4200000, 0x00000000e0000000)
  object space 67584K, 13% used [0x00000000a0000000,0x00000000a08f3f28,0x00000000a4200000)
 Metaspace       used 30522K, capacity 31082K, committed 31232K, reserved 1077248K
  class space    used 4140K, capacity 4334K, committed 4352K, reserved 1048576K
Event: 17.169 GC heap after
Heap after GC invocations=9 (full 1):
 PSYoungGen      total 71680K, used 5857K [0x00000000e0000000, 0x00000000e5180000, 0x0000000100000000)
  eden space 62976K, 0% used [0x00000000e0000000,0x00000000e0000000,0x00000000e3d80000)
  from space 8704K, 67% used [0x00000000e4900000,0x00000000e4eb8680,0x00000000e5180000)
  to   space 10240K, 0% used [0x00000000e3d80000,0x00000000e3d80000,0x00000000e4780000)
 ParOldGen       total 67584K, used 9239K [0x00000000a0000000, 0x00000000a4200000, 0x00000000e0000000)
  object space 67584K, 13% used [0x00000000a0000000,0x00000000a0905f38,0x00000000a4200000)
 Metaspace       used 30522K, capacity 31082K, committed 31232K, reserved 1077248K
  class space    used 4140K, capacity 4334K, committed 4352K, reserved 1048576K
}
Event: 19.166 GC heap before
{Heap before GC invocations=10 (full 1):
 PSYoungGen      total 71680K, used 34282K [0x00000000e0000000, 0x00000000e5180000, 0x0000000100000000)
  eden space 62976K, 45% used [0x00000000e0000000,0x00000000e1bc2400,0x00000000e3d80000)
  from space 8704K, 67% used [0x00000000e4900000,0x00000000e4eb8680,0x00000000e5180000)
  to   space 10240K, 0% used [0x00000000e3d80000,0x00000000e3d80000,0x00000000e4780000)
 ParOldGen       total 67584K, used 9239K [0x00000000a0000000, 0x00000000a4200000, 0x00000000e0000000)
  object space 67584K, 13% used [0x00000000a0000000,0x00000000a0905f38,0x00000000a4200000)
 Metaspace       used 34549K, capacity 35290K, committed 35416K, reserved 1079296K
  class space    used 4679K, capacity 4977K, committed 4992K, reserved 1048576K
Event: 19.184 GC heap after
Heap after GC invocations=10 (full 1):
 PSYoungGen      total 73216K, used 9697K [0x00000000e0000000, 0x00000000e6280000, 0x0000000100000000)
  eden space 62976K, 0% used [0x00000000e0000000,0x00000000e0000000,0x00000000e3d80000)
  from space 10240K, 94% used [0x00000000e3d80000,0x00000000e46f8680,0x00000000e4780000)
  to   space 11264K, 0% used [0x00000000e5780000,0x00000000e5780000,0x00000000e6280000)
 ParOldGen       total 67584K, used 9247K [0x00000000a0000000, 0x00000000a4200000, 0x00000000e0000000)
  object space 67584K, 13% used [0x00000000a0000000,0x00000000a0907f38,0x00000000a4200000)
 Metaspace       used 34549K, capacity 35290K, committed 35416K, reserved 1079296K
  class space    used 4679K, capacity 4977K, committed 4992K, reserved 1048576K
}
Event: 19.184 GC heap before
{Heap before GC invocations=11 (full 2):
 PSYoungGen      total 73216K, used 9697K [0x00000000e0000000, 0x00000000e6280000, 0x0000000100000000)
  eden space 62976K, 0% used [0x00000000e0000000,0x00000000e0000000,0x00000000e3d80000)
  from space 10240K, 94% used [0x00000000e3d80000,0x00000000e46f8680,0x00000000e4780000)
  to   space 11264K, 0% used [0x00000000e5780000,0x00000000e5780000,0x00000000e6280000)
 ParOldGen       total 67584K, used 9247K [0x00000000a0000000, 0x00000000a4200000, 0x00000000e0000000)
  object space 67584K, 13% used [0x00000000a0000000,0x00000000a0907f38,0x00000000a4200000)
 Metaspace       used 34549K, capacity 35290K, committed 35416K, reserved 1079296K
  class space    used 4679K, capacity 4977K, committed 4992K, reserved 1048576K
Event: 19.271 GC heap after
Heap after GC invocations=11 (full 2):
 PSYoungGen      total 73216K, used 0K [0x00000000e0000000, 0x00000000e6280000, 0x0000000100000000)
  eden space 62976K, 0% used [0x00000000e0000000,0x00000000e0000000,0x00000000e3d80000)
  from space 10240K, 0% used [0x00000000e3d80000,0x00000000e3d80000,0x00000000e4780000)
  to   space 11264K, 0% used [0x00000000e5780000,0x00000000e5780000,0x00000000e6280000)
 ParOldGen       total 67584K, used 15864K [0x00000000a0000000, 0x00000000a4200000, 0x00000000e0000000)
  object space 67584K, 23% used [0x00000000a0000000,0x00000000a0f7e320,0x00000000a4200000)
 Metaspace       used 34549K, capacity 35290K, committed 35416K, reserved 1079296K
  class space    used 4679K, capacity 4977K, committed 4992K, reserved 1048576K
}

Deoptimization events (10 events):
Event: 18.609 Thread 0x000000001ac8a000 Uncommon trap: reason=class_check action=maybe_recompile pc=0x00000000039773bc method=java.util.Hashtable.get(Ljava/lang/Object;)Ljava/lang/Object; @ 6
Event: 18.609 Thread 0x000000001ac8a000 Uncommon trap: reason=class_check action=maybe_recompile pc=0x00000000039773bc method=java.util.Hashtable.get(Ljava/lang/Object;)Ljava/lang/Object; @ 6
Event: 18.609 Thread 0x000000001ac8a000 Uncommon trap: reason=class_check action=maybe_recompile pc=0x00000000039773bc method=java.util.Hashtable.get(Ljava/lang/Object;)Ljava/lang/Object; @ 6
Event: 18.609 Thread 0x000000001ac8a000 Uncommon trap: reason=class_check action=maybe_recompile pc=0x00000000039773bc method=java.util.Hashtable.get(Ljava/lang/Object;)Ljava/lang/Object; @ 6
Event: 18.661 Thread 0x000000001ac8a000 Uncommon trap: reason=unstable_if action=reinterpret pc=0x00000000032a3df8 method=java.lang.String.replace(CC)Ljava/lang/String; @ 2
Event: 18.665 Thread 0x000000001ac8a000 Uncommon trap: reason=bimorphic action=maybe_recompile pc=0x0000000003936ba8 method=org.codehaus.groovy.runtime.metaclass.MetaMethodIndex.addMethodToList(Ljava/lang/Object;Lgroovy/lang/MetaMethod;)Ljava/lang/Object; @ 96
Event: 18.665 Thread 0x000000001ac8a000 Uncommon trap: reason=unstable_if action=reinterpret pc=0x00000000039880f4 method=groovy.lang.MetaClassImpl$1MOPIter.methodNameAction(Ljava/lang/Class;Lorg/codehaus/groovy/runtime/metaclass/MetaMethodIndex$Entry;)V @ 259
Event: 18.975 Thread 0x000000001ac8a000 Uncommon trap: reason=unstable_if action=reinterpret pc=0x0000000003ab2e50 method=java.lang.Integer.valueOf(I)Ljava/lang/Integer; @ 3
Event: 18.991 Thread 0x000000001ac8a000 Uncommon trap: reason=predicate action=maybe_recompile pc=0x00000000039619a0 method=java.util.Arrays.binarySearch0([Ljava/lang/Object;IILjava/lang/Object;Ljava/util/Comparator;)I @ 28
Event: 20.294 Thread 0x000000001ac8a000 Uncommon trap: reason=unstable_if action=reinterpret pc=0x00000000038da3b8 method=java.util.concurrent.ConcurrentHashMap.get(Ljava/lang/Object;)Ljava/lang/Object; @ 76

Classes redefined (0 events):
No events

Internal exceptions (10 events):
Event: 18.668 Thread 0x000000001ac8a000 Exception <a 'java/lang/ClassNotFoundException': org/gradle/api/internal/project/ant/BasicAntBuilderBeanInfo> (0x00000000e161d558) thrown at [D:\src\AOSP-openjdk-cygwin\jdk8u\hotspot\src\share\vm\classfile\systemDictionary.cpp, line 210]
Event: 18.669 Thread 0x000000001ac8a000 Exception <a 'java/lang/ClassNotFoundException': org/gradle/api/AntBuilderBeanInfo> (0x00000000e163e650) thrown at [D:\src\AOSP-openjdk-cygwin\jdk8u\hotspot\src\share\vm\classfile\systemDictionary.cpp, line 210]
Event: 18.673 Thread 0x000000001ac8a000 Exception <a 'java/lang/ClassNotFoundException': groovy/util/AntBuilderBeanInfo> (0x00000000e165e5e8) thrown at [D:\src\AOSP-openjdk-cygwin\jdk8u\hotspot\src\share\vm\classfile\systemDictionary.cpp, line 210]
Event: 18.676 Thread 0x000000001ac8a000 Exception <a 'java/lang/ClassNotFoundException': groovy/util/BuilderSupportBeanInfo> (0x00000000e1680030) thrown at [D:\src\AOSP-openjdk-cygwin\jdk8u\hotspot\src\share\vm\classfile\systemDictionary.cpp, line 210]
Event: 18.679 Thread 0x000000001ac8a000 Exception <a 'java/lang/ClassNotFoundException': groovy/util/BuilderSupportCustomizer> (0x00000000e16a3908) thrown at [D:\src\AOSP-openjdk-cygwin\jdk8u\hotspot\src\share\vm\classfile\systemDictionary.cpp, line 210]
Event: 18.684 Thread 0x000000001ac8a000 Exception <a 'java/lang/ClassNotFoundException': groovy/util/AntBuilderCustomizer> (0x00000000e16c7868) thrown at [D:\src\AOSP-openjdk-cygwin\jdk8u\hotspot\src\share\vm\classfile\systemDictionary.cpp, line 210]
Event: 18.693 Thread 0x000000001ac8a000 Exception <a 'java/lang/ClassNotFoundException': org/gradle/api/AntBuilderCustomizer> (0x00000000e16f0770) thrown at [D:\src\AOSP-openjdk-cygwin\jdk8u\hotspot\src\share\vm\classfile\systemDictionary.cpp, line 210]
Event: 18.696 Thread 0x000000001ac8a000 Exception <a 'java/lang/ClassNotFoundException': org/gradle/api/internal/project/ant/BasicAntBuilderCustomizer> (0x00000000e172ccc8) thrown at [D:\src\AOSP-openjdk-cygwin\jdk8u\hotspot\src\share\vm\classfile\systemDictionary.cpp, line 210]
Event: 18.704 Thread 0x000000001ac8a000 Exception <a 'java/lang/ClassNotFoundException': org/gradle/api/internal/project/DefaultAntBuilderCustomizer> (0x00000000e176fbf8) thrown at [D:\src\AOSP-openjdk-cygwin\jdk8u\hotspot\src\share\vm\classfile\systemDictionary.cpp, line 210]
Event: 19.539 Thread 0x000000001ac8a000 Exception <a 'sun/nio/fs/WindowsException'> (0x00000000e04c4490) thrown at [D:\src\AOSP-openjdk-cygwin\jdk8u\hotspot\src\share\vm\prims\jni.cpp, line 709]

Events (10 events):
Event: 20.597 loading class com/google/common/collect/ImmutableEnumMap$2
Event: 20.597 loading class com/google/common/collect/ImmutableEnumMap$2 done
Event: 20.597 loading class java/util/EnumMap$EntrySet
Event: 20.598 loading class java/util/EnumMap$EntrySet done
Event: 20.598 loading class java/util/EnumMap$EntryIterator
Event: 20.599 loading class java/util/EnumMap$EntryIterator done
Event: 20.599 loading class java/util/EnumMap$EntryIterator$Entry
Event: 20.599 loading class java/util/EnumMap$EntryIterator$Entry done
Event: 20.599 loading class org/gradle/model/internal/manage/schema/extract/ModelPropertyExtractionResult
Event: 20.599 loading class org/gradle/model/internal/manage/schema/extract/ModelPropertyExtractionResult done


Dynamic libraries:
0x00007ff70f880000 - 0x00007ff70f8b1000 	D:\Program Files\Android\Android Studio\jre\bin\java.exe
0x00007ffa4b610000 - 0x00007ffa4b7eb000 	C:\Windows\SYSTEM32\ntdll.dll
0x00007ffa4ac10000 - 0x00007ffa4acbe000 	C:\Windows\System32\KERNEL32.DLL
0x00007ffa47f70000 - 0x00007ffa481b9000 	C:\Windows\System32\KERNELBASE.dll
0x00007ffa4a4b0000 - 0x00007ffa4a551000 	C:\Windows\System32\ADVAPI32.dll
0x00007ffa4a670000 - 0x00007ffa4a70d000 	C:\Windows\System32\msvcrt.dll
0x00007ffa4a560000 - 0x00007ffa4a5b9000 	C:\Windows\System32\sechost.dll
0x00007ffa4aae0000 - 0x00007ffa4ac05000 	C:\Windows\System32\RPCRT4.dll
0x00007ffa4b1e0000 - 0x00007ffa4b32a000 	C:\Windows\System32\USER32.dll
0x00007ffa488c0000 - 0x00007ffa488de000 	C:\Windows\System32\win32u.dll
0x00007ffa4a730000 - 0x00007ffa4a757000 	C:\Windows\System32\GDI32.dll
0x00007ffa48940000 - 0x00007ffa48ac8000 	C:\Windows\System32\gdi32full.dll
0x00007ffa48ad0000 - 0x00007ffa48b6a000 	C:\Windows\System32\msvcp_win.dll
0x00007ffa47b30000 - 0x00007ffa47c26000 	C:\Windows\System32\ucrtbase.dll
0x00007ffa3c630000 - 0x00007ffa3c897000 	C:\Windows\WinSxS\amd64_microsoft.windows.common-controls_6595b64144ccf1df_6.0.15063.483_none_26002d27e7c744a2\COMCTL32.dll
0x00007ffa48d70000 - 0x00007ffa49069000 	C:\Windows\System32\combase.dll
0x00007ffa47c30000 - 0x00007ffa47c9a000 	C:\Windows\System32\bcryptPrimitives.dll
0x00007ffa4aaa0000 - 0x00007ffa4aacd000 	C:\Windows\System32\IMM32.DLL
0x0000000058760000 - 0x0000000058832000 	D:\Program Files\Android\Android Studio\jre\jre\bin\msvcr100.dll
0x0000000056540000 - 0x0000000056d7e000 	D:\Program Files\Android\Android Studio\jre\jre\bin\server\jvm.dll
0x00007ffa4aad0000 - 0x00007ffa4aad8000 	C:\Windows\System32\PSAPI.DLL
0x00007ffa404a0000 - 0x00007ffa404c3000 	C:\Windows\SYSTEM32\WINMM.dll
0x00007ffa3a660000 - 0x00007ffa3a669000 	C:\Windows\SYSTEM32\WSOCK32.dll
0x00007ffa4b170000 - 0x00007ffa4b1dc000 	C:\Windows\System32\WS2_32.dll
0x00007ffa3ff30000 - 0x00007ffa3ff3a000 	C:\Windows\SYSTEM32\VERSION.dll
0x00007ffa40320000 - 0x00007ffa4034b000 	C:\Windows\SYSTEM32\WINMMBASE.dll
0x00007ffa47d50000 - 0x00007ffa47d99000 	C:\Windows\System32\cfgmgr32.dll
0x00007ffa43ec0000 - 0x00007ffa43ecf000 	D:\Program Files\Android\Android Studio\jre\jre\bin\verify.dll
0x00007ffa3f890000 - 0x00007ffa3f8b9000 	D:\Program Files\Android\Android Studio\jre\jre\bin\java.dll
0x00007ffa40460000 - 0x00007ffa40476000 	D:\Program Files\Android\Android Studio\jre\jre\bin\zip.dll
0x00007ffa49070000 - 0x00007ffa4a4a6000 	C:\Windows\System32\SHELL32.dll
0x00007ffa4a5c0000 - 0x00007ffa4a66a000 	C:\Windows\System32\shcore.dll
0x00007ffa481c0000 - 0x00007ffa488b3000 	C:\Windows\System32\windows.storage.dll
0x00007ffa4b410000 - 0x00007ffa4b461000 	C:\Windows\System32\shlwapi.dll
0x00007ffa47af0000 - 0x00007ffa47b01000 	C:\Windows\System32\kernel.appcore.dll
0x00007ffa47a80000 - 0x00007ffa47acc000 	C:\Windows\System32\powrprof.dll
0x00007ffa47b10000 - 0x00007ffa47b25000 	C:\Windows\System32\profapi.dll
0x00007ffa3fe60000 - 0x00007ffa3fe7a000 	D:\Program Files\Android\Android Studio\jre\jre\bin\net.dll
0x00007ffa47390000 - 0x00007ffa473ec000 	C:\Windows\system32\mswsock.dll
0x00007ffa3f5c0000 - 0x00007ffa3f5d1000 	D:\Program Files\Android\Android Studio\jre\jre\bin\nio.dll
0x00007ffa32a90000 - 0x00007ffa32aae000 	C:\Users\DELL\.gradle\native\25\windows-amd64\native-platform.dll
0x00007ffa43300000 - 0x00007ffa4330d000 	D:\Program Files\Android\Android Studio\jre\jre\bin\management.dll
0x00007ffa47530000 - 0x00007ffa47547000 	C:\Windows\SYSTEM32\CRYPTSP.dll
0x00007ffa46fb0000 - 0x00007ffa46fe4000 	C:\Windows\system32\rsaenh.dll
0x00007ffa47640000 - 0x00007ffa47665000 	C:\Windows\SYSTEM32\bcrypt.dll
0x00007ffa479b0000 - 0x00007ffa479d9000 	C:\Windows\SYSTEM32\USERENV.dll
0x00007ffa47550000 - 0x00007ffa4755b000 	C:\Windows\SYSTEM32\CRYPTBASE.dll
0x00007ffa47130000 - 0x00007ffa47167000 	C:\Windows\SYSTEM32\IPHLPAPI.DLL
0x00007ffa4b160000 - 0x00007ffa4b168000 	C:\Windows\System32\NSI.dll
0x00007ffa42aa0000 - 0x00007ffa42ab6000 	C:\Windows\SYSTEM32\dhcpcsvc6.DLL
0x00007ffa431f0000 - 0x00007ffa4320a000 	C:\Windows\SYSTEM32\dhcpcsvc.DLL

VM Arguments:
jvm_args: -Xmx1536m -Dfile.encoding=GBK -Duser.country=CN -Duser.language=zh -Duser.variant 
java_command: org.gradle.launcher.daemon.bootstrap.GradleDaemon 4.1
java_class_path (initial): C:\Users\DELL\.gradle\wrapper\dists\gradle-4.1-all\bzyivzo6n839fup2jbap0tjew\gradle-4.1\lib\gradle-launcher-4.1.jar
Launcher Type: SUN_STANDARD

Environment Variables:
JAVA_HOME=D:\JAVAJDK
CLASSPATH= .;D:\JAVAJDK\lib;D:\JAVAJDK\lib\tools.jar
PATH=C:\ProgramData\Oracle\Java\javapath;C:\Program Files (x86)\Intel\iCLS Client\;C:\Program Files\Intel\iCLS Client\;C:\Windows\system32;C:\Windows;C:\Windows\System32\Wbem;C:\Windows\System32\WindowsPowerShell\v1.0\;C:\Program Files (x86)\Intel\Intel(R) Management Engine Components\DAL;C:\Program Files\Intel\Intel(R) Management Engine Components\DAL;C:\Program Files (x86)\Intel\Intel(R) Management Engine Components\IPT;C:\Program Files\Intel\Intel(R) Management Engine Components\IPT;C:\Program Files\Intel\WiFi\bin\;C:\Program Files\Common Files\Intel\WirelessCommon\;C:\Program Files (x86)\NVIDIA Corporation\PhysX\Common;"JAVA_HOME%\bin;%JAVA_HOME%\jre\bin;";C:\Users\DELL\AppData\Local\Microsoft\WindowsApps;F:\Android_sdk\sdk\platform-tools;
USERNAME=DELL
OS=Windows_NT
PROCESSOR_IDENTIFIER=Intel64 Family 6 Model 158 Stepping 9, GenuineIntel



---------------  S Y S T E M  ---------------

OS: Windows 10.0 , 64 bit Build 15063 (10.0.15063.296)

CPU:total 8 (initial active 8) (4 cores per cpu, 2 threads per core) family 6 model 158 stepping 9, cmov, cx8, fxsr, mmx, sse, sse2, sse3, ssse3, sse4.1, sse4.2, popcnt, avx, avx2, aes, clmul, erms, 3dnowpref, lzcnt, ht, tsc, tscinvbit, bmi1, bmi2, adx

Memory: 4k page, physical 8247248k(387928k free), swap 15405132k(1980k free)

vm_info: OpenJDK 64-Bit Server VM (25.152-b01) for windows-amd64 JRE (1.8.0_152-release-915-b01), built by "builder" with MS VC++ 10.0 (VS2010)

time: Thu Feb 08 16:15:21 2018
elapsed time: 20 seconds (0d 0h 0m 20s)

